<?xml version="1.0" encoding="UTF-8"?>
<!-- Generated by org.testng.reporters.JUnitXMLReporter -->
<testsuite hostname="DESKTOP-S3O4BKL" name="Cucumber Tests" tests="6" failures="2" timestamp="5 Nov 2020 08:14:28 GMT" time="376.33" errors="0">
  <testcase name="feature" time="102.395" classname="runners.JobsRunner"/>
  <testcase name="feature" time="63.106" classname="runners.MainRunner">
    <failure type="cucumber.runtime.CucumberException" message="java.lang.AssertionError: Unable to wait and click on the WebElement, using locator: &amp;lt;[[ChromeDriver: chrome on XP (3dd56ffc062d77bd1a25f5aa17c6ac01)] -&amp;gt; xpath: //body/div[@id=&amp;apos;__next&amp;apos;]/div[1]/div[1]/div[1]/div[1]/div[1]/div[2]/a[1]/span[1]]&amp;gt;">
      <![CDATA[cucumber.runtime.CucumberException: java.lang.AssertionError: Unable to wait and click on the WebElement, using locator: <[[ChromeDriver: chrome on XP (3dd56ffc062d77bd1a25f5aa17c6ac01)] -> xpath: //body/div[@id='__next']/div[1]/div[1]/div[1]/div[1]/div[1]/div[2]/a[1]/span[1]]]]><![CDATA[>
	at cucumber.api.testng.TestNGCucumberRunner.runCucumber(TestNGCucumberRunner.java:69)
	at cucumber.api.testng.AbstractTestNGCucumberTests.feature(AbstractTestNGCucumberTests.java:21)
	at sun.reflect.NativeMethodAccessorImpl.invoke0(Native Method)
	at sun.reflect.NativeMethodAccessorImpl.invoke(Unknown Source)
	at sun.reflect.DelegatingMethodAccessorImpl.invoke(Unknown Source)
	at java.lang.reflect.Method.invoke(Unknown Source)
	at org.testng.internal.MethodInvocationHelper.invokeMethod(MethodInvocationHelper.java:86)
	at org.testng.internal.Invoker.invokeMethod(Invoker.java:643)
	at org.testng.internal.Invoker.invokeTestMethod(Invoker.java:820)
	at org.testng.internal.Invoker.invokeTestMethods(Invoker.java:1128)
	at org.testng.internal.TestMethodWorker.invokeTestMethods(TestMethodWorker.java:129)
	at org.testng.internal.TestMethodWorker.run(TestMethodWorker.java:112)
	at org.testng.TestRunner.privateRun(TestRunner.java:782)
	at org.testng.TestRunner.run(TestRunner.java:632)
	at org.testng.SuiteRunner.runTest(SuiteRunner.java:366)
	at org.testng.SuiteRunner.runSequentially(SuiteRunner.java:361)
	at org.testng.SuiteRunner.privateRun(SuiteRunner.java:319)
	at org.testng.SuiteRunner.run(SuiteRunner.java:268)
	at org.testng.SuiteRunnerWorker.runSuite(SuiteRunnerWorker.java:52)
	at org.testng.SuiteRunnerWorker.run(SuiteRunnerWorker.java:86)
	at org.testng.TestNG.runSuitesSequentially(TestNG.java:1244)
	at org.testng.TestNG.runSuitesLocally(TestNG.java:1169)
	at org.testng.TestNG.run(TestNG.java:1064)
	at org.testng.remote.AbstractRemoteTestNG.run(AbstractRemoteTestNG.java:115)
	at org.testng.remote.RemoteTestNG.initAndRun(RemoteTestNG.java:251)
	at org.testng.remote.RemoteTestNG.main(RemoteTestNG.java:77)
Caused by: java.lang.AssertionError: Unable to wait and click on the WebElement, using locator: <[[ChromeDriver: chrome on XP (3dd56ffc062d77bd1a25f5aa17c6ac01)] -> xpath: //body/div[@id='__next']/div[1]/div[1]/div[1]/div[1]/div[1]/div[2]/a[1]/span[1]]]]><![CDATA[>
	at org.junit.Assert.fail(Assert.java:88)
	at pageObjects.BasePage.waitAndClickElement(BasePage.java:58)
	at pageObjects.AddProductServices.clickmarket(AddProductServices.java:53)
	at stepDefinitions.AddProductsSteps.user_clicks_market(AddProductsSteps.java:30)
	at ✽.And user clicks market(AddProducts.feature:24)
]]>
    </failure>
  </testcase> <!-- feature -->
  <testcase name="feature" time="74.106" classname="runners.MainRunner"/>
  <testcase name="feature" time="21.144" classname="runners.MainRunner"/>
  <testcase name="feature" time="24.57" classname="runners.MainRunner">
    <failure type="cucumber.runtime.CucumberException" message="java.lang.AssertionError: Unable to wait and click on the WebElement, using locator: &amp;lt;Proxy element for: DefaultElementLocator &amp;apos;By.xpath: //a[contains(text(),&amp;apos;Members&amp;apos;)]&amp;apos;&amp;gt;">
      <![CDATA[cucumber.runtime.CucumberException: java.lang.AssertionError: Unable to wait and click on the WebElement, using locator: <Proxy element for: DefaultElementLocator 'By.xpath: //a[contains(text(),'Members')]'>
	at cucumber.api.testng.TestNGCucumberRunner.runCucumber(TestNGCucumberRunner.java:69)
	at cucumber.api.testng.AbstractTestNGCucumberTests.feature(AbstractTestNGCucumberTests.java:21)
	at sun.reflect.NativeMethodAccessorImpl.invoke0(Native Method)
	at sun.reflect.NativeMethodAccessorImpl.invoke(Unknown Source)
	at sun.reflect.DelegatingMethodAccessorImpl.invoke(Unknown Source)
	at java.lang.reflect.Method.invoke(Unknown Source)
	at org.testng.internal.MethodInvocationHelper.invokeMethod(MethodInvocationHelper.java:86)
	at org.testng.internal.Invoker.invokeMethod(Invoker.java:643)
	at org.testng.internal.Invoker.invokeTestMethod(Invoker.java:820)
	at org.testng.internal.Invoker.invokeTestMethods(Invoker.java:1128)
	at org.testng.internal.TestMethodWorker.invokeTestMethods(TestMethodWorker.java:129)
	at org.testng.internal.TestMethodWorker.run(TestMethodWorker.java:112)
	at org.testng.TestRunner.privateRun(TestRunner.java:782)
	at org.testng.TestRunner.run(TestRunner.java:632)
	at org.testng.SuiteRunner.runTest(SuiteRunner.java:366)
	at org.testng.SuiteRunner.runSequentially(SuiteRunner.java:361)
	at org.testng.SuiteRunner.privateRun(SuiteRunner.java:319)
	at org.testng.SuiteRunner.run(SuiteRunner.java:268)
	at org.testng.SuiteRunnerWorker.runSuite(SuiteRunnerWorker.java:52)
	at org.testng.SuiteRunnerWorker.run(SuiteRunnerWorker.java:86)
	at org.testng.TestNG.runSuitesSequentially(TestNG.java:1244)
	at org.testng.TestNG.runSuitesLocally(TestNG.java:1169)
	at org.testng.TestNG.run(TestNG.java:1064)
	at org.testng.remote.AbstractRemoteTestNG.run(AbstractRemoteTestNG.java:115)
	at org.testng.remote.RemoteTestNG.initAndRun(RemoteTestNG.java:251)
	at org.testng.remote.RemoteTestNG.main(RemoteTestNG.java:77)
Caused by: java.lang.AssertionError: Unable to wait and click on the WebElement, using locator: <Proxy element for: DefaultElementLocator 'By.xpath: //a[contains(text(),'Members')]'>
	at org.junit.Assert.fail(Assert.java:88)
	at pageObjects.BasePage.waitAndClickElement(BasePage.java:58)
	at pageObjects.ViewBusinessProfile.clickmember(ViewBusinessProfile.java:43)
	at stepDefinitions.ViewBusinessProfileSteps.user_clicks_members(ViewBusinessProfileSteps.java:31)
	at ✽.And user clicks members(ViewBusinessProfile.feature:17)
]]>
    </failure>
  </testcase> <!-- feature -->
  <testcase name="feature" time="90.219" classname="runners.MainRunner"/>
</testsuite> <!-- Cucumber Tests -->
