<?xml version="1.0" encoding="UTF-8"?>
<!-- Generated by org.testng.reporters.JUnitXMLReporter -->
<testsuite hostname="DESKTOP-S3O4BKL" name="Cucumber Tests" tests="11" failures="2" timestamp="27 Nov 2020 10:05:08 GMT" time="622.944" errors="0">
  <testcase name="feature" time="124.75" classname="runners.JobsRunner"/>
  <testcase name="feature" time="10.916" classname="runners.JobsRunner"/>
  <testcase name="feature" time="50.64" classname="runners.MainRunner"/>
  <testcase name="feature" time="99.595" classname="runners.MainRunner"/>
  <testcase name="feature" time="84.971" classname="runners.MainRunner"/>
  <testcase name="feature" time="43.888" classname="runners.MainRunner"/>
  <testcase name="feature" time="19.765" classname="runners.MainRunner"/>
  <testcase name="feature" time="23.1" classname="runners.MainRunner"/>
  <testcase name="feature" time="109.185" classname="runners.MainRunner"/>
  <testcase name="feature" time="42.141" classname="runners.PartnershipRunner">
    <failure type="cucumber.runtime.CucumberException" message="java.lang.AssertionError: Unable to wait and click on the WebElement, using locator: &amp;lt;[[ChromeDriver: chrome on XP (5dfbe3c117733b9ff69c7ef2ffdd3e9f)] -&amp;gt; xpath: //body/div[@id=&amp;apos;__next&amp;apos;]/div[1]/div[1]/div[1]/div[1]/div[1]/div[2]/a[1]/span[1]]&amp;gt;">
      <![CDATA[cucumber.runtime.CucumberException: java.lang.AssertionError: Unable to wait and click on the WebElement, using locator: <[[ChromeDriver: chrome on XP (5dfbe3c117733b9ff69c7ef2ffdd3e9f)] -> xpath: //body/div[@id='__next']/div[1]/div[1]/div[1]/div[1]/div[1]/div[2]/a[1]/span[1]]]]><![CDATA[>
	at cucumber.api.testng.TestNGCucumberRunner.runCucumber(TestNGCucumberRunner.java:69)
	at cucumber.api.testng.AbstractTestNGCucumberTests.feature(AbstractTestNGCucumberTests.java:21)
	at sun.reflect.NativeMethodAccessorImpl.invoke0(Native Method)
	at sun.reflect.NativeMethodAccessorImpl.invoke(Unknown Source)
	at sun.reflect.DelegatingMethodAccessorImpl.invoke(Unknown Source)
	at java.lang.reflect.Method.invoke(Unknown Source)
	at org.testng.internal.MethodInvocationHelper.invokeMethod(MethodInvocationHelper.java:86)
	at org.testng.internal.Invoker.invokeMethod(Invoker.java:643)
	at org.testng.internal.Invoker.invokeTestMethod(Invoker.java:820)
	at org.testng.internal.Invoker.invokeTestMethods(Invoker.java:1128)
	at org.testng.internal.TestMethodWorker.invokeTestMethods(TestMethodWorker.java:129)
	at org.testng.internal.TestMethodWorker.run(TestMethodWorker.java:112)
	at org.testng.TestRunner.privateRun(TestRunner.java:782)
	at org.testng.TestRunner.run(TestRunner.java:632)
	at org.testng.SuiteRunner.runTest(SuiteRunner.java:366)
	at org.testng.SuiteRunner.runSequentially(SuiteRunner.java:361)
	at org.testng.SuiteRunner.privateRun(SuiteRunner.java:319)
	at org.testng.SuiteRunner.run(SuiteRunner.java:268)
	at org.testng.SuiteRunnerWorker.runSuite(SuiteRunnerWorker.java:52)
	at org.testng.SuiteRunnerWorker.run(SuiteRunnerWorker.java:86)
	at org.testng.TestNG.runSuitesSequentially(TestNG.java:1244)
	at org.testng.TestNG.runSuitesLocally(TestNG.java:1169)
	at org.testng.TestNG.run(TestNG.java:1064)
	at org.testng.remote.AbstractRemoteTestNG.run(AbstractRemoteTestNG.java:115)
	at org.testng.remote.RemoteTestNG.initAndRun(RemoteTestNG.java:251)
	at org.testng.remote.RemoteTestNG.main(RemoteTestNG.java:77)
Caused by: java.lang.AssertionError: Unable to wait and click on the WebElement, using locator: <[[ChromeDriver: chrome on XP (5dfbe3c117733b9ff69c7ef2ffdd3e9f)] -> xpath: //body/div[@id='__next']/div[1]/div[1]/div[1]/div[1]/div[1]/div[2]/a[1]/span[1]]]]><![CDATA[>
	at org.junit.Assert.fail(Assert.java:88)
	at pageObjects.BasePage.waitAndClickElement(BasePage.java:58)
	at pageObjects.PostPartnership.clickpartnership(PostPartnership.java:55)
	at stepDefinitions.PostPartnershipSteps.user_clicks_partnership_PAJ(PostPartnershipSteps.java:32)
	at ✽.And user clicks partnership (PAJ)(PostPartneship.feature:8)
]]>
    </failure>
  </testcase> <!-- feature -->
  <testcase name="feature" time="12.969" classname="runners.PartnershipRunner">
    <failure type="cucumber.runtime.CucumberException" message="java.lang.AssertionError: Unable to wait and click on the WebElement, using locator: &amp;lt;[[ChromeDriver: chrome on XP (31c3561479b37eb8ac0d384600b85c3e)] -&amp;gt; xpath: //body/div[@id=&amp;apos;__next&amp;apos;]/div[1]/div[1]/div[1]/div[1]/div[1]/div[2]/a[1]/span[1]]&amp;gt;">
      <![CDATA[cucumber.runtime.CucumberException: java.lang.AssertionError: Unable to wait and click on the WebElement, using locator: <[[ChromeDriver: chrome on XP (31c3561479b37eb8ac0d384600b85c3e)] -> xpath: //body/div[@id='__next']/div[1]/div[1]/div[1]/div[1]/div[1]/div[2]/a[1]/span[1]]]]><![CDATA[>
	at cucumber.api.testng.TestNGCucumberRunner.runCucumber(TestNGCucumberRunner.java:69)
	at cucumber.api.testng.AbstractTestNGCucumberTests.feature(AbstractTestNGCucumberTests.java:21)
	at sun.reflect.NativeMethodAccessorImpl.invoke0(Native Method)
	at sun.reflect.NativeMethodAccessorImpl.invoke(Unknown Source)
	at sun.reflect.DelegatingMethodAccessorImpl.invoke(Unknown Source)
	at java.lang.reflect.Method.invoke(Unknown Source)
	at org.testng.internal.MethodInvocationHelper.invokeMethod(MethodInvocationHelper.java:86)
	at org.testng.internal.Invoker.invokeMethod(Invoker.java:643)
	at org.testng.internal.Invoker.invokeTestMethod(Invoker.java:820)
	at org.testng.internal.Invoker.invokeTestMethods(Invoker.java:1128)
	at org.testng.internal.TestMethodWorker.invokeTestMethods(TestMethodWorker.java:129)
	at org.testng.internal.TestMethodWorker.run(TestMethodWorker.java:112)
	at org.testng.TestRunner.privateRun(TestRunner.java:782)
	at org.testng.TestRunner.run(TestRunner.java:632)
	at org.testng.SuiteRunner.runTest(SuiteRunner.java:366)
	at org.testng.SuiteRunner.runSequentially(SuiteRunner.java:361)
	at org.testng.SuiteRunner.privateRun(SuiteRunner.java:319)
	at org.testng.SuiteRunner.run(SuiteRunner.java:268)
	at org.testng.SuiteRunnerWorker.runSuite(SuiteRunnerWorker.java:52)
	at org.testng.SuiteRunnerWorker.run(SuiteRunnerWorker.java:86)
	at org.testng.TestNG.runSuitesSequentially(TestNG.java:1244)
	at org.testng.TestNG.runSuitesLocally(TestNG.java:1169)
	at org.testng.TestNG.run(TestNG.java:1064)
	at org.testng.remote.AbstractRemoteTestNG.run(AbstractRemoteTestNG.java:115)
	at org.testng.remote.RemoteTestNG.initAndRun(RemoteTestNG.java:251)
	at org.testng.remote.RemoteTestNG.main(RemoteTestNG.java:77)
Caused by: java.lang.AssertionError: Unable to wait and click on the WebElement, using locator: <[[ChromeDriver: chrome on XP (31c3561479b37eb8ac0d384600b85c3e)] -> xpath: //body/div[@id='__next']/div[1]/div[1]/div[1]/div[1]/div[1]/div[2]/a[1]/span[1]]]]><![CDATA[>
	at org.junit.Assert.fail(Assert.java:88)
	at pageObjects.BasePage.waitAndClickElement(BasePage.java:58)
	at pageObjects.ViewPartnership.clickpartnership(ViewPartnership.java:52)
	at stepDefinitions.ViewPartnershipSteps.user_clicks_partnership_VP(ViewPartnershipSteps.java:30)
	at ✽.And user clicks partnership (VP)(ViewPartnership.feature:8)
]]>
    </failure>
  </testcase> <!-- feature -->
</testsuite> <!-- Cucumber Tests -->
